Using pre-set license
Built from '2021.3/staging' branch; Version is '2021.3.24f1 (cf10dcf7010d) revision 13570268'; Using compiler version '192829333'; Build Type 'Release'
OS: 'Windows 11  (10.0.22621) 64bit Professional' Language: 'ko' Physical Memory: 23983 MB
BatchMode: 1, IsHumanControllingUs: 0, StartBugReporterOnCrash: 0, Is64bit: 1, IsPro: 1

COMMAND LINE ARGUMENTS:
C:\Program Files\Unity\Hub\Editor\2021.3.24f1\Editor\Unity.exe
-adb2
-batchMode
-noUpm
-name
AssetImportWorker0
-projectPath
C:/Users/eunseong/Documents/GitHub/Train-Adventure
-logFile
Logs/AssetImportWorker0.log
-srvPort
49988
Successfully changed project path to: C:/Users/eunseong/Documents/GitHub/Train-Adventure
C:/Users/eunseong/Documents/GitHub/Train-Adventure
[UnityMemory] Configuration Parameters - Can be set up in boot.config
    "memorysetup-bucket-allocator-granularity=16"
    "memorysetup-bucket-allocator-bucket-count=8"
    "memorysetup-bucket-allocator-block-size=33554432"
    "memorysetup-bucket-allocator-block-count=8"
    "memorysetup-main-allocator-block-size=16777216"
    "memorysetup-thread-allocator-block-size=16777216"
    "memorysetup-gfx-main-allocator-block-size=16777216"
    "memorysetup-gfx-thread-allocator-block-size=16777216"
    "memorysetup-cache-allocator-block-size=4194304"
    "memorysetup-typetree-allocator-block-size=2097152"
    "memorysetup-profiler-bucket-allocator-granularity=16"
    "memorysetup-profiler-bucket-allocator-bucket-count=8"
    "memorysetup-profiler-bucket-allocator-block-size=33554432"
    "memorysetup-profiler-bucket-allocator-block-count=8"
    "memorysetup-profiler-allocator-block-size=16777216"
    "memorysetup-profiler-editor-allocator-block-size=1048576"
    "memorysetup-temp-allocator-size-main=16777216"
    "memorysetup-job-temp-allocator-block-size=2097152"
    "memorysetup-job-temp-allocator-block-size-background=1048576"
    "memorysetup-job-temp-allocator-reduction-small-platforms=262144"
    "memorysetup-temp-allocator-size-background-worker=32768"
    "memorysetup-temp-allocator-size-job-worker=262144"
    "memorysetup-temp-allocator-size-preload-manager=33554432"
    "memorysetup-temp-allocator-size-nav-mesh-worker=65536"
    "memorysetup-temp-allocator-size-audio-worker=65536"
    "memorysetup-temp-allocator-size-cloud-worker=32768"
    "memorysetup-temp-allocator-size-gi-baking-worker=262144"
    "memorysetup-temp-allocator-size-gfx=262144"
Player connection [50756] Host "[IP] 172.30.1.89 [Port] 0 [Flags] 2 [Guid] 3639636202 [EditorId] 3639636202 [Version] 1048832 [Id] WindowsEditor(7,DESKTOP-K427LL2) [Debug] 1 [PackageName] WindowsEditor [ProjectName] Editor" joined multi-casting on [225.0.0.222:54997]...

Player connection [50756] Host "[IP] 172.30.1.89 [Port] 0 [Flags] 2 [Guid] 3639636202 [EditorId] 3639636202 [Version] 1048832 [Id] WindowsEditor(7,DESKTOP-K427LL2) [Debug] 1 [PackageName] WindowsEditor [ProjectName] Editor" joined alternative multi-casting on [225.0.0.222:34997]...

Refreshing native plugins compatible for Editor in 121.26 ms, found 3 plugins.
Preloading 0 native plugins for Editor in 0.00 ms.
Initialize engine version: 2021.3.24f1 (cf10dcf7010d)
[Subsystems] Discovering subsystems at path C:/Program Files/Unity/Hub/Editor/2021.3.24f1/Editor/Data/Resources/UnitySubsystems
[Subsystems] Discovering subsystems at path C:/Users/eunseong/Documents/GitHub/Train-Adventure/Assets
GfxDevice: creating device client; threaded=0; jobified=0
Direct3D:
    Version:  Direct3D 11.0 [level 11.1]
    Renderer: NVIDIA GeForce RTX 3050 Ti Laptop GPU (ID=0x25a0)
    Vendor:   NVIDIA
    VRAM:     3990 MB
    Driver:   31.0.15.1640
Shader 'SyntyStudios/Basic_LOD_Shader': fallback shader 'wiiu' not found
Shader 'SyntyStudios/SkyboxUnlitNoFog': fallback shader 'wiiu' not found
Shader 'SyntyStudios/VegitationShader': fallback shader 'wiiu' not found
Shader 'SyntyStudios/SkyboxUnlit': fallback shader 'wiiu' not found
Shader 'SyntyStudios/CloudShader': fallback shader 'wiiu' not found
Shader 'SyntyStudios/TriplanarBasic': fallback shader 'wiiu' not found
Shader 'SyntyStudios/CloudShaderNoFog': fallback shader 'wiiu' not found
Initialize mono
Mono path[0] = 'C:/Program Files/Unity/Hub/Editor/2021.3.24f1/Editor/Data/Managed'
Mono path[1] = 'C:/Program Files/Unity/Hub/Editor/2021.3.24f1/Editor/Data/MonoBleedingEdge/lib/mono/unityjit-win32'
Mono config path = 'C:/Program Files/Unity/Hub/Editor/2021.3.24f1/Editor/Data/MonoBleedingEdge/etc'
Using monoOptions --debugger-agent=transport=dt_socket,embedding=1,server=y,suspend=n,address=127.0.0.1:56396
Begin MonoManager ReloadAssembly
Registering precompiled unity dll's ...
Register platform support module: C:/Program Files/Unity/Hub/Editor/2021.3.24f1/Editor/Data/PlaybackEngines/AndroidPlayer/UnityEditor.Android.Extensions.dll
Register platform support module: C:/Program Files/Unity/Hub/Editor/2021.3.24f1/Editor/Data/PlaybackEngines/WindowsStandaloneSupport/UnityEditor.WindowsStandalone.Extensions.dll
Registered in 0.009692 seconds.
Native extension for WindowsStandalone target not found
Native extension for Android target not found
Android Extension - Scanning For ADB Devices 316 ms
Refreshing native plugins compatible for Editor in 127.15 ms, found 3 plugins.
Preloading 0 native plugins for Editor in 0.00 ms.
Mono: successfully reloaded assembly
- Completed reload, in  1.119 seconds
Domain Reload Profiling:
	ReloadAssembly (1119ms)
		BeginReloadAssembly (107ms)
			ExecutionOrderSort (0ms)
			DisableScriptedObjects (0ms)
			BackupInstance (0ms)
			ReleaseScriptingObjects (0ms)
			CreateAndSetChildDomain (1ms)
		EndReloadAssembly (894ms)
			LoadAssemblies (104ms)
			RebuildTransferFunctionScriptingTraits (0ms)
			SetupTypeCache (134ms)
			ReleaseScriptCaches (0ms)
			RebuildScriptCaches (27ms)
			SetupLoadedEditorAssemblies (672ms)
				LogAssemblyErrors (0ms)
				InitializePlatformSupportModulesInManaged (392ms)
				SetLoadedEditorAssemblies (0ms)
				RefreshPlugins (127ms)
				BeforeProcessingInitializeOnLoad (1ms)
				ProcessInitializeOnLoadAttributes (97ms)
				ProcessInitializeOnLoadMethodAttributes (54ms)
				AfterProcessingInitializeOnLoad (0ms)
				EditorAssembliesLoaded (0ms)
			ExecutionOrderSort2 (0ms)
			AwakeInstancesAfterBackupRestoration (0ms)
Platform modules already initialized, skipping
Registering precompiled user dll's ...
Registered in 0.011097 seconds.
Begin MonoManager ReloadAssembly
Symbol file LoadedFromMemory doesn't match image C:\Users\eunseong\Documents\GitHub\Train-Adventure\Library\PackageCache\com.unity.visualscripting@1.8.0\Editor\VisualScripting.Core\Dependencies\YamlDotNet\Unity.VisualScripting.YamlDotNet.dll
Symbol file LoadedFromMemory doesn't match image C:\Users\eunseong\Documents\GitHub\Train-Adventure\Library\PackageCache\com.unity.visualscripting@1.8.0\Editor\VisualScripting.Core\Dependencies\DotNetZip\Unity.VisualScripting.IonicZip.dll
Native extension for WindowsStandalone target not found
Native extension for Android target not found
Refreshing native plugins compatible for Editor in 112.97 ms, found 3 plugins.
Preloading 0 native plugins for Editor in 0.00 ms.
Mono: successfully reloaded assembly
- Completed reload, in  1.393 seconds
Domain Reload Profiling:
	ReloadAssembly (1394ms)
		BeginReloadAssembly (131ms)
			ExecutionOrderSort (0ms)
			DisableScriptedObjects (8ms)
			BackupInstance (0ms)
			ReleaseScriptingObjects (0ms)
			CreateAndSetChildDomain (20ms)
		EndReloadAssembly (1127ms)
			LoadAssemblies (110ms)
			RebuildTransferFunctionScriptingTraits (0ms)
			SetupTypeCache (323ms)
			ReleaseScriptCaches (1ms)
			RebuildScriptCaches (71ms)
			SetupLoadedEditorAssemblies (585ms)
				LogAssemblyErrors (0ms)
				InitializePlatformSupportModulesInManaged (18ms)
				SetLoadedEditorAssemblies (0ms)
				RefreshPlugins (113ms)
				BeforeProcessingInitializeOnLoad (103ms)
				ProcessInitializeOnLoadAttributes (261ms)
				ProcessInitializeOnLoadMethodAttributes (80ms)
				AfterProcessingInitializeOnLoad (9ms)
				EditorAssembliesLoaded (0ms)
			ExecutionOrderSort2 (0ms)
			AwakeInstancesAfterBackupRestoration (6ms)
Platform modules already initialized, skipping
========================================================================
Worker process is ready to serve import requests
Shader 'SyntyStudios/TriplanarBasic': fallback shader 'wiiu' not found
Shader 'SyntyStudios/Basic_LOD_Shader': fallback shader 'wiiu' not found
Shader 'SyntyStudios/CloudShader': fallback shader 'wiiu' not found
Shader 'SyntyStudios/VegitationShader': fallback shader 'wiiu' not found
Shader 'SyntyStudios/SkyboxUnlitNoFog': fallback shader 'wiiu' not found
Shader 'SyntyStudios/SkyboxUnlit': fallback shader 'wiiu' not found
Shader 'SyntyStudios/CloudShaderNoFog': fallback shader 'wiiu' not found
Launched and connected shader compiler UnityShaderCompiler.exe after 0.07 seconds
Refreshing native plugins compatible for Editor in 1.14 ms, found 3 plugins.
Preloading 0 native plugins for Editor in 0.00 ms.
Unloading 4948 Unused Serialized files (Serialized files now loaded: 0)
Unloading 44 unused Assets / (0.8 MB). Loaded Objects now: 5403.
Memory consumption went from 200.9 MB to 200.1 MB.
Total: 5.287100 ms (FindLiveObjects: 0.622000 ms CreateObjectMapping: 0.692200 ms MarkObjects: 3.598600 ms  DeleteObjects: 0.372400 ms)

AssetImportParameters requested are different than current active one (requested -> active):
  custom:video-decoder-ogg-theora: a1e56fd34408186e4bbccfd4996cb3dc -> 
  custom:container-muxer-webm: aa71ff27fc2769a1b78a27578f13a17b -> 
  custom:container-demuxer-webm: 4f35f7cbe854078d1ac9338744f61a02 -> 
  custom:video-encoder-webm-vp8: eb34c28f22e8b96e1ab97ce403110664 -> 
  custom:audio-encoder-webm-vorbis: bf7c407c2cedff20999df2af8eb42d56 -> 
  custom:framework-win-MediaFoundation: 216162199b28c13a410421893ffa2e32 -> 
  custom:container-demuxer-ogg: 62fdf1f143b41e24485cea50d1cbac27 -> 
  custom:video-decoder-webm-vp8: 9c59270c3fd7afecdb556c50c9e8de78 -> 
  custom:audio-decoder-ogg-vorbis: bf7c407c2cedff20999df2af8eb42d56 -> 
========================================================================
Received Import Request.
  Time since last request: 388298.717683 seconds.
  path: Assets/TutorialInfo
  artifactKey: Guid(e65ce70c07f8af74c902d0e011f962ef) Importer(815301076,1909f56bfc062723c751e8b465ee728b)
Start importing Assets/TutorialInfo using Guid(e65ce70c07f8af74c902d0e011f962ef) Importer(815301076,1909f56bfc062723c751e8b465ee728b)  -> (artifact id: '0ebc408be1ec7e460a48ff0de08ed1fb') in 0.026269 seconds 
========================================================================
Received Import Request.
  Time since last request: 1.284194 seconds.
  path: Assets/TerrainMaterials
  artifactKey: Guid(f1cd4aa5f56e68045a021f305e9aca6e) Importer(815301076,1909f56bfc062723c751e8b465ee728b)
Start importing Assets/TerrainMaterials using Guid(f1cd4aa5f56e68045a021f305e9aca6e) Importer(815301076,1909f56bfc062723c751e8b465ee728b)  -> (artifact id: '59efcffb229700cf597ed66feb8721ff') in 0.011396 seconds 
========================================================================
Received Import Request.
  Time since last request: 1.392540 seconds.
  path: Assets/Taxture
  artifactKey: Guid(815447bc3590ac849b5e5f57cb0ff54e) Importer(815301076,1909f56bfc062723c751e8b465ee728b)
Start importing Assets/Taxture using Guid(815447bc3590ac849b5e5f57cb0ff54e) Importer(815301076,1909f56bfc062723c751e8b465ee728b)  -> (artifact id: 'd7a703225ca6f923fe3b9e81c3774dbd') in 0.012360 seconds 
========================================================================
Received Import Request.
  Time since last request: 2.448745 seconds.
  path: Assets/Taxture/Enemy
  artifactKey: Guid(2e508c2f719e3ed4d8a3070ed82408a1) Importer(815301076,1909f56bfc062723c751e8b465ee728b)
Start importing Assets/Taxture/Enemy using Guid(2e508c2f719e3ed4d8a3070ed82408a1) Importer(815301076,1909f56bfc062723c751e8b465ee728b)  -> (artifact id: '92c4da3f52b7bae4110a6eb8ec75f730') in 0.013113 seconds 
========================================================================
Received Import Request.
  Time since last request: 2.839488 seconds.
  path: Assets/TextMesh Pro
  artifactKey: Guid(72b4e41cc7d84e449ab7e97b7445ab2b) Importer(815301076,1909f56bfc062723c751e8b465ee728b)
Start importing Assets/TextMesh Pro using Guid(72b4e41cc7d84e449ab7e97b7445ab2b) Importer(815301076,1909f56bfc062723c751e8b465ee728b)  -> (artifact id: 'f3ef8a58ad83d1f2895e74a6051efdb6') in 0.011139 seconds 
========================================================================
Received Import Request.
  Time since last request: 1.920087 seconds.
  path: Assets/TextMesh Pro/Resources
  artifactKey: Guid(245d5c85390404d4da1d2a937f5fd807) Importer(815301076,1909f56bfc062723c751e8b465ee728b)
Start importing Assets/TextMesh Pro/Resources using Guid(245d5c85390404d4da1d2a937f5fd807) Importer(815301076,1909f56bfc062723c751e8b465ee728b)  -> (artifact id: '482bc0ccb6b17175c0623f306a1aff10') in 0.011737 seconds 
========================================================================
Received Import Request.
  Time since last request: 6.260434 seconds.
  path: Assets/Animations
  artifactKey: Guid(a5ab3eaea6223fa41b097670c919e9cc) Importer(815301076,1909f56bfc062723c751e8b465ee728b)
Start importing Assets/Animations using Guid(a5ab3eaea6223fa41b097670c919e9cc) Importer(815301076,1909f56bfc062723c751e8b465ee728b)  -> (artifact id: 'f62dc5a43ac9c2b201700d8b56b315b5') in 0.011819 seconds 
========================================================================
Received Import Request.
  Time since last request: 2.058247 seconds.
  path: Assets/Data
  artifactKey: Guid(c06d61e8603951342ae4880601403f40) Importer(815301076,1909f56bfc062723c751e8b465ee728b)
Start importing Assets/Data using Guid(c06d61e8603951342ae4880601403f40) Importer(815301076,1909f56bfc062723c751e8b465ee728b)  -> (artifact id: '6f5b166214a5754b771defe92590a993') in 0.011029 seconds 
========================================================================
Received Import Request.
  Time since last request: 6.000199 seconds.
  path: Assets/Data/AssetStores
  artifactKey: Guid(3a575666e78fff245940f47a07b49a6f) Importer(815301076,1909f56bfc062723c751e8b465ee728b)
Start importing Assets/Data/AssetStores using Guid(3a575666e78fff245940f47a07b49a6f) Importer(815301076,1909f56bfc062723c751e8b465ee728b)  -> (artifact id: '75f58d12e079a5721c0d50d7578212fd') in 0.011184 seconds 
